[debug] [2019-02-14T12:08:47.262Z] ----------------------------------------------------------------------
[debug] [2019-02-14T12:08:47.271Z] Command:       C:\Program Files\nodejs\node.exe C:\Users\shm.anil\AppData\Roaming\npm\node_modules\firebase-tools\lib\bin\firebase.js login
[debug] [2019-02-14T12:08:47.272Z] CLI Version:   6.2.2
[debug] [2019-02-14T12:08:47.272Z] Platform:      win32
[debug] [2019-02-14T12:08:47.272Z] Node Version:  v8.11.4
[debug] [2019-02-14T12:08:47.274Z] Time:          Thu Feb 14 2019 17:38:47 GMT+0530 (India Standard Time)
[debug] [2019-02-14T12:08:47.274Z] ----------------------------------------------------------------------
[debug] 
[info] 
[info] Visit this URL on any device to log in:
[info] https://accounts.google.com/o/oauth2/auth?client_id=563584335869-fgrhgmd47bqnekij5i8b5pr03ho849e6.apps.googleusercontent.com&scope=email%20openid%20https%3A%2F%2Fwww.googleapis.com%2Fauth%2Fcloudplatformprojects.readonly%20https%3A%2F%2Fwww.googleapis.com%2Fauth%2Ffirebase%20https%3A%2F%2Fwww.googleapis.com%2Fauth%2Fcloud-platform&response_type=code&state=795538964&redirect_uri=http%3A%2F%2Flocalhost%3A9005
[info] 
[info] Waiting for authentication...
[debug] [2019-02-14T12:09:07.270Z] >>> HTTP REQUEST POST https://accounts.google.com/o/oauth2/token  

[debug] [2019-02-14T12:09:07.420Z] Token Fetch Error: Error
    at new FirebaseError (C:\Users\shm.anil\AppData\Roaming\npm\node_modules\firebase-tools\lib\error.js:9:18)
    at Request._callback (C:\Users\shm.anil\AppData\Roaming\npm\node_modules\firebase-tools\lib\api.js:28:31)
    at self.callback (C:\Users\shm.anil\AppData\Roaming\npm\node_modules\firebase-tools\node_modules\request\request.js:185:22)
    at emitOne (events.js:116:13)
    at Request.emit (events.js:211:7)
    at Request.onRequestError (C:\Users\shm.anil\AppData\Roaming\npm\node_modules\firebase-tools\node_modules\request\request.js:881:8)
    at emitOne (events.js:116:13)
    at ClientRequest.emit (events.js:211:7)
    at TLSSocket.socketErrorListener (_http_client.js:387:9)
    at emitOne (events.js:116:13)
